This is pdfTeX, Version 3.141592653-2.6-1.40.25 (TeX Live 2023) (preloaded format=pdflatex 2023.4.4)  15 APR 2023 10:19
entering extended mode
 restricted \write18 enabled.
 %&-line parsing enabled.
**thesis.tex
(./thesis.tex
LaTeX2e <2022-11-01> patch level 1
L3 programming layer <2023-03-30> (./reedthesis.cls
Document Class: reedthesis 2004/01/27 The Reed College Thesis Class
(/Users/joshuayamamoto/Library/TinyTeX/texmf-dist/tex/latex/base/book.cls
Document Class: book 2022/07/02 v1.4n Standard LaTeX document class
(/Users/joshuayamamoto/Library/TinyTeX/texmf-dist/tex/latex/base/bk12.clo
File: bk12.clo 2022/07/02 v1.4n Standard LaTeX file (size option)
)
\c@part=\count185
\c@chapter=\count186
\c@section=\count187
\c@subsection=\count188
\c@subsubsection=\count189
\c@paragraph=\count190
\c@subparagraph=\count191
\c@figure=\count192
\c@table=\count193
\abovecaptionskip=\skip48
\belowcaptionskip=\skip49
\bibindent=\dimen140
) (/Users/joshuayamamoto/Library/TinyTeX/texmf-dist/tex/latex/fancyhdr/fancyhdr.sty
Package: fancyhdr 2022/11/09 v4.1 Extensive control of page headers and footers
\f@nch@headwidth=\skip50
\f@nch@O@elh=\skip51
\f@nch@O@erh=\skip52
\f@nch@O@olh=\skip53
\f@nch@O@orh=\skip54
\f@nch@O@elf=\skip55
\f@nch@O@erf=\skip56
\f@nch@O@olf=\skip57
\f@nch@O@orf=\skip58
) (/Users/joshuayamamoto/Library/TinyTeX/texmf-dist/tex/latex/fancyvrb/fancyvrb.sty
Package: fancyvrb 2023/01/19 4.5a verbatim text (tvz,hv)
(/Users/joshuayamamoto/Library/TinyTeX/texmf-dist/tex/latex/graphics/keyval.sty
Package: keyval 2022/05/29 v1.15 key=value parser (DPC)
\KV@toks@=\toks16
)
\FV@CodeLineNo=\count194
\FV@InFile=\read2
\FV@TabBox=\box51
\c@FancyVerbLine=\count195
\FV@StepNumber=\count196
\FV@OutFile=\write3
) (/Users/joshuayamamoto/Library/TinyTeX/texmf-dist/tex/generic/iftex/ifxetex.sty
Package: ifxetex 2019/10/25 v0.7 ifxetex legacy package. Use iftex instead.
(/Users/joshuayamamoto/Library/TinyTeX/texmf-dist/tex/generic/iftex/iftex.sty
Package: iftex 2022/02/03 v1.0f TeX engine tests
)) (/Users/joshuayamamoto/Library/TinyTeX/texmf-dist/tex/generic/iftex/ifluatex.sty
Package: ifluatex 2019/10/25 v1.5 ifluatex legacy package. Use iftex instead.
) (/Users/joshuayamamoto/Library/TinyTeX/texmf-dist/tex/latex/base/fixltx2e.sty
Package: fixltx2e 2016/12/29 v2.1a fixes to LaTeX (obsolete)
Applying: [2015/01/01] Old fixltx2e package on input line 46.

Package fixltx2e Warning: fixltx2e is not required with releases after 2015
(fixltx2e)                All fixes are now in the LaTeX kernel.
(fixltx2e)                See the latexrelease package for details.

Already applied: [0000/00/00] Old fixltx2e package on input line 53.
) (/Users/joshuayamamoto/Library/TinyTeX/texmf-dist/tex/latex/base/fontenc.sty
Package: fontenc 2021/04/29 v2.0v Standard LaTeX package
) (/Users/joshuayamamoto/Library/TinyTeX/texmf-dist/tex/latex/base/inputenc.sty
Package: inputenc 2021/02/14 v1.3d Input encoding file
\inpenc@prehook=\toks17
\inpenc@posthook=\toks18
) (/Users/joshuayamamoto/Library/TinyTeX/texmf-dist/tex/latex/graphics/color.sty
Package: color 2022/01/06 v1.3d Standard LaTeX Color (DPC)
(/Users/joshuayamamoto/Library/TinyTeX/texmf-dist/tex/latex/graphics-cfg/color.cfg
File: color.cfg 2016/01/02 v1.6 sample color configuration
)
Package color Info: Driver file: pdftex.def on input line 149.
(/Users/joshuayamamoto/Library/TinyTeX/texmf-dist/tex/latex/graphics-def/pdftex.def
File: pdftex.def 2022/09/22 v1.2b Graphics/color driver for pdftex
) (/Users/joshuayamamoto/Library/TinyTeX/texmf-dist/tex/latex/graphics/mathcolor.ltx)) (/Users/joshuayamamoto/Library/TinyTeX/texmf-dist/tex/latex/framed/framed.sty
Package: framed 2011/10/22 v 0.96: framed or shaded text with page breaks
\OuterFrameSep=\skip59
\fb@frw=\dimen141
\fb@frh=\dimen142
\FrameRule=\dimen143
\FrameSep=\dimen144
)) (/Users/joshuayamamoto/Library/TinyTeX/texmf-dist/tex/latex/graphics/graphicx.sty
Package: graphicx 2021/09/16 v1.2d Enhanced LaTeX Graphics (DPC,SPQR)
(/Users/joshuayamamoto/Library/TinyTeX/texmf-dist/tex/latex/graphics/graphics.sty
Package: graphics 2022/03/10 v1.4e Standard LaTeX Graphics (DPC,SPQR)
(/Users/joshuayamamoto/Library/TinyTeX/texmf-dist/tex/latex/graphics/trig.sty
Package: trig 2021/08/11 v1.11 sin cos tan (DPC)
) (/Users/joshuayamamoto/Library/TinyTeX/texmf-dist/tex/latex/graphics-cfg/graphics.cfg
File: graphics.cfg 2016/06/04 v1.11 sample graphics configuration
)
Package graphics Info: Driver file: pdftex.def on input line 107.
)
\Gin@req@height=\dimen145
\Gin@req@width=\dimen146
) (/Users/joshuayamamoto/Library/TinyTeX/texmf-dist/tex/latex/base/latexsym.sty
Package: latexsym 1998/08/17 v2.2e Standard LaTeX package (lasy symbols)
\symlasy=\mathgroup4
LaTeX Font Info:    Overwriting symbol font `lasy' in version `bold'
(Font)                  U/lasy/m/n --> U/lasy/b/n on input line 52.
) (/Users/joshuayamamoto/Library/TinyTeX/texmf-dist/tex/latex/amsmath/amsmath.sty
Package: amsmath 2022/04/08 v2.17n AMS math features
\@mathmargin=\skip60
For additional information on amsmath, use the `?' option.
(/Users/joshuayamamoto/Library/TinyTeX/texmf-dist/tex/latex/amsmath/amstext.sty
Package: amstext 2021/08/26 v2.01 AMS text
(/Users/joshuayamamoto/Library/TinyTeX/texmf-dist/tex/latex/amsmath/amsgen.sty
File: amsgen.sty 1999/11/30 v2.0 generic functions
\@emptytoks=\toks19
\ex@=\dimen147
)) (/Users/joshuayamamoto/Library/TinyTeX/texmf-dist/tex/latex/amsmath/amsbsy.sty
Package: amsbsy 1999/11/29 v1.2d Bold Symbols
\pmbraise@=\dimen148
) (/Users/joshuayamamoto/Library/TinyTeX/texmf-dist/tex/latex/amsmath/amsopn.sty
Package: amsopn 2022/04/08 v2.04 operator names
)
\inf@bad=\count197
LaTeX Info: Redefining \frac on input line 234.
\uproot@=\count198
\leftroot@=\count199
LaTeX Info: Redefining \overline on input line 399.
LaTeX Info: Redefining \colon on input line 410.
\classnum@=\count266
\DOTSCASE@=\count267
LaTeX Info: Redefining \ldots on input line 496.
LaTeX Info: Redefining \dots on input line 499.
LaTeX Info: Redefining \cdots on input line 620.
\Mathstrutbox@=\box52
\strutbox@=\box53
LaTeX Info: Redefining \big on input line 722.
LaTeX Info: Redefining \Big on input line 723.
LaTeX Info: Redefining \bigg on input line 724.
LaTeX Info: Redefining \Bigg on input line 725.
\big@size=\dimen149
LaTeX Font Info:    Redeclaring font encoding OML on input line 743.
LaTeX Font Info:    Redeclaring font encoding OMS on input line 744.
\macc@depth=\count268
LaTeX Info: Redefining \bmod on input line 905.
LaTeX Info: Redefining \pmod on input line 910.
LaTeX Info: Redefining \smash on input line 940.
LaTeX Info: Redefining \relbar on input line 970.
LaTeX Info: Redefining \Relbar on input line 971.
\c@MaxMatrixCols=\count269
\dotsspace@=\muskip16
\c@parentequation=\count270
\dspbrk@lvl=\count271
\tag@help=\toks20
\row@=\count272
\column@=\count273
\maxfields@=\count274
\andhelp@=\toks21
\eqnshift@=\dimen150
\alignsep@=\dimen151
\tagshift@=\dimen152
\tagwidth@=\dimen153
\totwidth@=\dimen154
\lineht@=\dimen155
\@envbody=\toks22
\multlinegap=\skip61
\multlinetaggap=\skip62
\mathdisplay@stack=\toks23
LaTeX Info: Redefining \[ on input line 2953.
LaTeX Info: Redefining \] on input line 2954.
) (/Users/joshuayamamoto/Library/TinyTeX/texmf-dist/tex/latex/amsfonts/amssymb.sty
Package: amssymb 2013/01/14 v3.01 AMS font symbols
(/Users/joshuayamamoto/Library/TinyTeX/texmf-dist/tex/latex/amsfonts/amsfonts.sty
Package: amsfonts 2013/01/14 v3.01 Basic AMSFonts support
\symAMSa=\mathgroup5
\symAMSb=\mathgroup6
LaTeX Font Info:    Redeclaring math symbol \hbar on input line 98.
LaTeX Font Info:    Overwriting math alphabet `\mathfrak' in version `bold'
(Font)                  U/euf/m/n --> U/euf/b/n on input line 106.
)) (/Users/joshuayamamoto/Library/TinyTeX/texmf-dist/tex/latex/amscls/amsthm.sty
Package: amsthm 2020/05/29 v2.20.6
\thm@style=\toks24
\thm@bodyfont=\toks25
\thm@headfont=\toks26
\thm@notefont=\toks27
\thm@headpunct=\toks28
\thm@preskip=\skip63
\thm@postskip=\skip64
\thm@headsep=\skip65
\dth@everypar=\toks29
) (/Users/joshuayamamoto/Library/TinyTeX/texmf-dist/tex/latex/tools/longtable.sty
Package: longtable 2021-09-01 v4.17 Multi-page Table package (DPC)
\LTleft=\skip66
\LTright=\skip67
\LTpre=\skip68
\LTpost=\skip69
\LTchunksize=\count275
\LTcapwidth=\dimen156
\LT@head=\box54
\LT@firsthead=\box55
\LT@foot=\box56
\LT@lastfoot=\box57
\LT@gbox=\box58
\LT@cols=\count276
\LT@rows=\count277
\c@LT@tables=\count278
\c@LT@chunks=\count279
\LT@p@ftn=\toks30
) (/Users/joshuayamamoto/Library/TinyTeX/texmf-dist/tex/latex/booktabs/booktabs.sty
Package: booktabs 2020/01/12 v1.61803398 Publication quality tables
\heavyrulewidth=\dimen157
\lightrulewidth=\dimen158
\cmidrulewidth=\dimen159
\belowrulesep=\dimen160
\belowbottomsep=\dimen161
\aboverulesep=\dimen162
\abovetopsep=\dimen163
\cmidrulesep=\dimen164
\cmidrulekern=\dimen165
\defaultaddspace=\dimen166
\@cmidla=\count280
\@cmidlb=\count281
\@aboverulesep=\dimen167
\@belowrulesep=\dimen168
\@thisruleclass=\count282
\@lastruleclass=\count283
\@thisrulewidth=\dimen169
) (/Users/joshuayamamoto/Library/TinyTeX/texmf-dist/tex/latex/setspace/setspace.sty
Package: setspace 2022/12/04 v6.7b set line spacing
) (./chemarr.sty
Package: chemarr 2001/06/22 v1.1 Chemical reaction arrows (HO)
) (/Users/joshuayamamoto/Library/TinyTeX/texmf-dist/tex/latex/url/url.sty
\Urlmuskip=\muskip17
Package: url 2013/09/16  ver 3.4  Verb mode for urls, etc.
) (/Users/joshuayamamoto/Library/TinyTeX/texmf-dist/tex/latex/hyperref/hyperref.sty
Package: hyperref 2023-02-07 v7.00v Hypertext links for LaTeX
(/Users/joshuayamamoto/Library/TinyTeX/texmf-dist/tex/generic/ltxcmds/ltxcmds.sty
Package: ltxcmds 2020-05-10 v1.25 LaTeX kernel commands for general use (HO)
) (/Users/joshuayamamoto/Library/TinyTeX/texmf-dist/tex/generic/pdftexcmds/pdftexcmds.sty
Package: pdftexcmds 2020-06-27 v0.33 Utility functions of pdfTeX for LuaTeX (HO)
(/Users/joshuayamamoto/Library/TinyTeX/texmf-dist/tex/generic/infwarerr/infwarerr.sty
Package: infwarerr 2019/12/03 v1.5 Providing info/warning/error messages (HO)
)
Package pdftexcmds Info: \pdf@primitive is available.
Package pdftexcmds Info: \pdf@ifprimitive is available.
Package pdftexcmds Info: \pdfdraftmode found.
) (/Users/joshuayamamoto/Library/TinyTeX/texmf-dist/tex/latex/kvsetkeys/kvsetkeys.sty
Package: kvsetkeys 2022-10-05 v1.19 Key value parser (HO)
) (/Users/joshuayamamoto/Library/TinyTeX/texmf-dist/tex/generic/kvdefinekeys/kvdefinekeys.sty
Package: kvdefinekeys 2019-12-19 v1.6 Define keys (HO)
) (/Users/joshuayamamoto/Library/TinyTeX/texmf-dist/tex/generic/pdfescape/pdfescape.sty
Package: pdfescape 2019/12/09 v1.15 Implements pdfTeX's escape features (HO)
) (/Users/joshuayamamoto/Library/TinyTeX/texmf-dist/tex/latex/hycolor/hycolor.sty
Package: hycolor 2020-01-27 v1.10 Color options for hyperref/bookmark (HO)
) (/Users/joshuayamamoto/Library/TinyTeX/texmf-dist/tex/latex/letltxmacro/letltxmacro.sty
Package: letltxmacro 2019/12/03 v1.6 Let assignment for LaTeX macros (HO)
) (/Users/joshuayamamoto/Library/TinyTeX/texmf-dist/tex/latex/auxhook/auxhook.sty
Package: auxhook 2019-12-17 v1.6 Hooks for auxiliary files (HO)
) (/Users/joshuayamamoto/Library/TinyTeX/texmf-dist/tex/latex/hyperref/nameref.sty
Package: nameref 2022-05-17 v2.50 Cross-referencing by name of section
(/Users/joshuayamamoto/Library/TinyTeX/texmf-dist/tex/latex/refcount/refcount.sty
Package: refcount 2019/12/15 v3.6 Data extraction from label references (HO)
) (/Users/joshuayamamoto/Library/TinyTeX/texmf-dist/tex/generic/gettitlestring/gettitlestring.sty
Package: gettitlestring 2019/12/15 v1.6 Cleanup title references (HO)
(/Users/joshuayamamoto/Library/TinyTeX/texmf-dist/tex/latex/kvoptions/kvoptions.sty
Package: kvoptions 2022-06-15 v3.15 Key value format for package options (HO)
))
\c@section@level=\count284
)
\@linkdim=\dimen170
\Hy@linkcounter=\count285
\Hy@pagecounter=\count286
(/Users/joshuayamamoto/Library/TinyTeX/texmf-dist/tex/latex/hyperref/pd1enc.def
File: pd1enc.def 2023-02-07 v7.00v Hyperref: PDFDocEncoding definition (HO)
Now handling font encoding PD1 ...
... no UTF-8 mapping file for font encoding PD1
) (/Users/joshuayamamoto/Library/TinyTeX/texmf-dist/tex/generic/intcalc/intcalc.sty
Package: intcalc 2019/12/15 v1.3 Expandable calculations with integers (HO)
) (/Users/joshuayamamoto/Library/TinyTeX/texmf-dist/tex/generic/etexcmds/etexcmds.sty
Package: etexcmds 2019/12/15 v1.7 Avoid name clashes with e-TeX commands (HO)
)
\Hy@SavedSpaceFactor=\count287
(/Users/joshuayamamoto/Library/TinyTeX/texmf-dist/tex/latex/hyperref/puenc.def
File: puenc.def 2023-02-07 v7.00v Hyperref: PDF Unicode definition (HO)
Now handling font encoding PU ...
... no UTF-8 mapping file for font encoding PU
)
Package hyperref Info: Hyper figures OFF on input line 4177.
Package hyperref Info: Link nesting OFF on input line 4182.
Package hyperref Info: Hyper index ON on input line 4185.
Package hyperref Info: Plain pages OFF on input line 4192.
Package hyperref Info: Backreferencing OFF on input line 4197.
Package hyperref Info: Implicit mode ON; LaTeX internals redefined.
Package hyperref Info: Bookmarks ON on input line 4425.
\c@Hy@tempcnt=\count288
LaTeX Info: Redefining \url on input line 4763.
\XeTeXLinkMargin=\dimen171
(/Users/joshuayamamoto/Library/TinyTeX/texmf-dist/tex/generic/bitset/bitset.sty
Package: bitset 2019/12/09 v1.3 Handle bit-vector datatype (HO)
(/Users/joshuayamamoto/Library/TinyTeX/texmf-dist/tex/generic/bigintcalc/bigintcalc.sty
Package: bigintcalc 2019/12/15 v1.5 Expandable calculations on big integers (HO)
))
\Fld@menulength=\count289
\Field@Width=\dimen172
\Fld@charsize=\dimen173
Package hyperref Info: Hyper figures OFF on input line 6042.
Package hyperref Info: Link nesting OFF on input line 6047.
Package hyperref Info: Hyper index ON on input line 6050.
Package hyperref Info: backreferencing OFF on input line 6057.
Package hyperref Info: Link coloring OFF on input line 6062.
Package hyperref Info: Link coloring with OCG OFF on input line 6067.
Package hyperref Info: PDF/A mode OFF on input line 6072.
(/Users/joshuayamamoto/Library/TinyTeX/texmf-dist/tex/latex/base/atbegshi-ltx.sty
Package: atbegshi-ltx 2021/01/10 v1.0c Emulation of the original atbegshi
package with kernel methods
)
\Hy@abspage=\count290
\c@Item=\count291
\c@Hfootnote=\count292
)
Package hyperref Info: Driver (autodetected): hpdftex.
(/Users/joshuayamamoto/Library/TinyTeX/texmf-dist/tex/latex/hyperref/hpdftex.def
File: hpdftex.def 2023-02-07 v7.00v Hyperref driver for pdfTeX
(/Users/joshuayamamoto/Library/TinyTeX/texmf-dist/tex/latex/base/atveryend-ltx.sty
Package: atveryend-ltx 2020/08/19 v1.0a Emulation of the original atveryend package
with kernel methods
)
\Fld@listcount=\count293
\c@bookmark@seq@number=\count294
(/Users/joshuayamamoto/Library/TinyTeX/texmf-dist/tex/latex/rerunfilecheck/rerunfilecheck.sty
Package: rerunfilecheck 2022-07-10 v1.10 Rerun checks for auxiliary files (HO)
(/Users/joshuayamamoto/Library/TinyTeX/texmf-dist/tex/generic/uniquecounter/uniquecounter.sty
Package: uniquecounter 2019/12/15 v1.4 Provide unlimited unique counter (HO)
)
Package uniquecounter Info: New unique counter `rerunfilecheck' on input line 285.
)
\Hy@SectionHShift=\skip70
) (/Users/joshuayamamoto/Library/TinyTeX/texmf-dist/tex/latex/lm/lmodern.sty
Package: lmodern 2015/05/01 v1.6.1 Latin Modern Fonts
LaTeX Font Info:    Overwriting symbol font `operators' in version `normal'
(Font)                  OT1/cmr/m/n --> OT1/lmr/m/n on input line 22.
LaTeX Font Info:    Overwriting symbol font `letters' in version `normal'
(Font)                  OML/cmm/m/it --> OML/lmm/m/it on input line 23.
LaTeX Font Info:    Overwriting symbol font `symbols' in version `normal'
(Font)                  OMS/cmsy/m/n --> OMS/lmsy/m/n on input line 24.
LaTeX Font Info:    Overwriting symbol font `largesymbols' in version `normal'
(Font)                  OMX/cmex/m/n --> OMX/lmex/m/n on input line 25.
LaTeX Font Info:    Overwriting symbol font `operators' in version `bold'
(Font)                  OT1/cmr/bx/n --> OT1/lmr/bx/n on input line 26.
LaTeX Font Info:    Overwriting symbol font `letters' in version `bold'
(Font)                  OML/cmm/b/it --> OML/lmm/b/it on input line 27.
LaTeX Font Info:    Overwriting symbol font `symbols' in version `bold'
(Font)                  OMS/cmsy/b/n --> OMS/lmsy/b/n on input line 28.
LaTeX Font Info:    Overwriting symbol font `largesymbols' in version `bold'
(Font)                  OMX/cmex/m/n --> OMX/lmex/m/n on input line 29.
LaTeX Font Info:    Overwriting math alphabet `\mathbf' in version `normal'
(Font)                  OT1/cmr/bx/n --> OT1/lmr/bx/n on input line 31.
LaTeX Font Info:    Overwriting math alphabet `\mathsf' in version `normal'
(Font)                  OT1/cmss/m/n --> OT1/lmss/m/n on input line 32.
LaTeX Font Info:    Overwriting math alphabet `\mathit' in version `normal'
(Font)                  OT1/cmr/m/it --> OT1/lmr/m/it on input line 33.
LaTeX Font Info:    Overwriting math alphabet `\mathtt' in version `normal'
(Font)                  OT1/cmtt/m/n --> OT1/lmtt/m/n on input line 34.
LaTeX Font Info:    Overwriting math alphabet `\mathbf' in version `bold'
(Font)                  OT1/cmr/bx/n --> OT1/lmr/bx/n on input line 35.
LaTeX Font Info:    Overwriting math alphabet `\mathsf' in version `bold'
(Font)                  OT1/cmss/bx/n --> OT1/lmss/bx/n on input line 36.
LaTeX Font Info:    Overwriting math alphabet `\mathit' in version `bold'
(Font)                  OT1/cmr/bx/it --> OT1/lmr/bx/it on input line 37.
LaTeX Font Info:    Overwriting math alphabet `\mathtt' in version `bold'
(Font)                  OT1/cmtt/m/n --> OT1/lmtt/m/n on input line 38.
) (/Users/joshuayamamoto/Library/TinyTeX/texmf-dist/tex/latex/float/float.sty
Package: float 2001/11/08 v1.3d Float enhancements (AL)
\c@float@type=\count295
\float@exts=\toks31
\float@box=\box59
\@float@everytoks=\toks32
\@floatcapt=\box60
) (/Users/joshuayamamoto/Library/TinyTeX/texmf-dist/tex/latex/tools/calc.sty
Package: calc 2017/05/25 v4.3 Infix arithmetic (KKT,FJ)
\calc@Acount=\count296
\calc@Bcount=\count297
\calc@Adimen=\dimen174
\calc@Bdimen=\dimen175
\calc@Askip=\skip71
\calc@Bskip=\skip72
LaTeX Info: Redefining \setlength on input line 80.
LaTeX Info: Redefining \addtolength on input line 81.
\calc@Ccount=\count298
\calc@Cskip=\skip73
) (/Users/joshuayamamoto/Library/TinyTeX/texmf-dist/tex/latex/graphics/rotating.sty
Package: rotating 2016/08/11 v2.16d rotated objects in LaTeX
(/Users/joshuayamamoto/Library/TinyTeX/texmf-dist/tex/latex/base/ifthen.sty
Package: ifthen 2022/04/13 v1.1d Standard LaTeX ifthen package (DPC)
)
\c@r@tfl@t=\count299
\rotFPtop=\skip74
\rotFPbot=\skip75
\rot@float@box=\box61
\rot@mess@toks=\toks33
) (/Users/joshuayamamoto/Library/TinyTeX/texmf-dist/tex/latex/caption/caption.sty
Package: caption 2023/03/12 v3.6j Customizing captions (AR)
(/Users/joshuayamamoto/Library/TinyTeX/texmf-dist/tex/latex/caption/caption3.sty
Package: caption3 2023/03/12 v2.4 caption3 kernel (AR)
\caption@tempdima=\dimen176
\captionmargin=\dimen177
\caption@leftmargin=\dimen178
\caption@rightmargin=\dimen179
\caption@width=\dimen180
\caption@indent=\dimen181
\caption@parindent=\dimen182
\caption@hangindent=\dimen183
Package caption Info: Standard document class detected.
)
\c@caption@flags=\count300
\c@continuedfloat=\count301
Package caption Info: float package is loaded.
Package caption Info: hyperref package is loaded.
Package caption Info: longtable package is loaded.
(/Users/joshuayamamoto/Library/TinyTeX/texmf-dist/tex/latex/caption/ltcaption.sty
Package: ltcaption 2021/01/08 v1.4c longtable captions (AR)
)
Package caption Info: rotating package is loaded.
)
Package color Info: Redefining color shadecolor on input line 81.
\csllabelwidth=\skip76
\cslhangindent=\skip77
LaTeX Font Info:    Trying to load font information for T1+lmr on input line 216.
(/Users/joshuayamamoto/Library/TinyTeX/texmf-dist/tex/latex/lm/t1lmr.fd
File: t1lmr.fd 2015/05/01 v1.6.1 Font defs for Latin Modern
) (/Users/joshuayamamoto/Library/TinyTeX/texmf-dist/tex/latex/l3backend/l3backend-pdftex.def
File: l3backend-pdftex.def 2023-03-30 L3 backend support: PDF output (pdfTeX)
\l__color_backend_stack_int=\count302
\l__pdf_internal_box=\box62
) (./thesis.aux)
\openout1 = `thesis.aux'.

LaTeX Font Info:    Checking defaults for OML/cmm/m/it on input line 216.
LaTeX Font Info:    ... okay on input line 216.
LaTeX Font Info:    Checking defaults for OMS/cmsy/m/n on input line 216.
LaTeX Font Info:    ... okay on input line 216.
LaTeX Font Info:    Checking defaults for OT1/cmr/m/n on input line 216.
LaTeX Font Info:    ... okay on input line 216.
LaTeX Font Info:    Checking defaults for T1/cmr/m/n on input line 216.
LaTeX Font Info:    ... okay on input line 216.
LaTeX Font Info:    Checking defaults for TS1/cmr/m/n on input line 216.
LaTeX Font Info:    ... okay on input line 216.
LaTeX Font Info:    Checking defaults for OMX/cmex/m/n on input line 216.
LaTeX Font Info:    ... okay on input line 216.
LaTeX Font Info:    Checking defaults for U/cmr/m/n on input line 216.
LaTeX Font Info:    ... okay on input line 216.
LaTeX Font Info:    Checking defaults for PD1/pdf/m/n on input line 216.
LaTeX Font Info:    ... okay on input line 216.
LaTeX Font Info:    Checking defaults for PU/pdf/m/n on input line 216.
LaTeX Font Info:    ... okay on input line 216.
(/Users/joshuayamamoto/Library/TinyTeX/texmf-dist/tex/latex/epstopdf-pkg/epstopdf-base.sty
Package: epstopdf-base 2020-01-24 v2.11 Base part for package epstopdf
Package epstopdf-base Info: Redefining graphics rule for `.eps' on input line 485.
(/Users/joshuayamamoto/Library/TinyTeX/texmf-dist/tex/latex/latexconfig/epstopdf-sys.cfg
File: epstopdf-sys.cfg 2010/07/13 v1.3 Configuration of (r)epstopdf for TeX Live
))
Package hyperref Info: Link coloring OFF on input line 216.
(./thesis.out) (./thesis.out)
\@outlinefile=\write4
\openout4 = `thesis.out'.

Package caption Info: Begin \AtBeginDocument code.
Package caption Info: End \AtBeginDocument code.
LaTeX Font Info:    Trying to load font information for OT1+lmr on input line 220.
(/Users/joshuayamamoto/Library/TinyTeX/texmf-dist/tex/latex/lm/ot1lmr.fd
File: ot1lmr.fd 2015/05/01 v1.6.1 Font defs for Latin Modern
)
LaTeX Font Info:    Trying to load font information for OML+lmm on input line 220.
(/Users/joshuayamamoto/Library/TinyTeX/texmf-dist/tex/latex/lm/omllmm.fd
File: omllmm.fd 2015/05/01 v1.6.1 Font defs for Latin Modern
)
LaTeX Font Info:    Trying to load font information for OMS+lmsy on input line 220.
(/Users/joshuayamamoto/Library/TinyTeX/texmf-dist/tex/latex/lm/omslmsy.fd
File: omslmsy.fd 2015/05/01 v1.6.1 Font defs for Latin Modern
)
LaTeX Font Info:    Trying to load font information for OMX+lmex on input line 220.
(/Users/joshuayamamoto/Library/TinyTeX/texmf-dist/tex/latex/lm/omxlmex.fd
File: omxlmex.fd 2015/05/01 v1.6.1 Font defs for Latin Modern
)
LaTeX Font Info:    External font `lmex10' loaded for size
(Font)              <12> on input line 220.
LaTeX Font Info:    External font `lmex10' loaded for size
(Font)              <8> on input line 220.
LaTeX Font Info:    External font `lmex10' loaded for size
(Font)              <6> on input line 220.
LaTeX Font Info:    Trying to load font information for U+lasy on input line 220.
(/Users/joshuayamamoto/Library/TinyTeX/texmf-dist/tex/latex/base/ulasy.fd
File: ulasy.fd 1998/08/17 v2.2e LaTeX symbol font definitions
)
LaTeX Font Info:    Trying to load font information for U+msa on input line 220.
(/Users/joshuayamamoto/Library/TinyTeX/texmf-dist/tex/latex/amsfonts/umsa.fd
File: umsa.fd 2013/01/14 v3.01 AMS symbols A
)
LaTeX Font Info:    Trying to load font information for U+msb on input line 220.
(/Users/joshuayamamoto/Library/TinyTeX/texmf-dist/tex/latex/amsfonts/umsb.fd
File: umsb.fd 2013/01/14 v3.01 AMS symbols B
) [1
Non-PDF special ignored!
<special> !% Reed College LaTeX Thesis Class 2001/12/04 SN
Non-PDF special ignored!
<special> rawpostscript % Reed College LaTeX Thesis Class 2001/12/04 SN


{/Users/joshuayamamoto/Library/TinyTeX/texmf-var/fonts/map/pdftex/updmap/pdftex.map}{/Users/joshuayamamoto/Library/TinyTeX/texmf-dist/fonts/enc/dvips/lm/lm-ec.enc}] [2

] [3] [4

] [1


] [2


] (./thesis.toc [3])
\tf@toc=\write5
\openout5 = `thesis.toc'.

[4] (./thesis.lot)
\tf@lot=\write6
\openout6 = `thesis.lot'.

[5

] [6

] (./thesis.lof)
\tf@lof=\write7
\openout7 = `thesis.lof'.

[7] [8

] [9] [10


]
Chapter 1.
<thesis_files/figure-latex/ziex-1.pdf, id=354, 459.7175pt x 315.1775pt>
File: thesis_files/figure-latex/ziex-1.pdf Graphic file (type pdf)
<use thesis_files/figure-latex/ziex-1.pdf>
Package pdftex.def Info: thesis_files/figure-latex/ziex-1.pdf  used on input line 258.
(pdftex.def)             Requested size: 346.89731pt x 237.83974pt.

Underfull \vbox (badness 10000) has occurred while \output is active []


pdfTeX warning (ext4): destination with the same identifier (name{page.1}) has been already used, duplicate ignored
<to be read again> 
                   \relax 
l.264 A
       nd in reality, this form of zero-inflated data is one that we see qui... [1

]
Underfull \vbox (badness 10000) has occurred while \output is active []


pdfTeX warning (ext4): destination with the same identifier (name{page.2}) has been already used, duplicate ignored
<to be read again> 
                   \relax 
l.272 
       [2 <./thesis_files/figure-latex/ziex-1.pdf>]
LaTeX Font Info:    External font `lmex10' loaded for size
(Font)              <10> on input line 278.
LaTeX Font Info:    External font `lmex10' loaded for size
(Font)              <7> on input line 278.
LaTeX Font Info:    External font `lmex10' loaded for size
(Font)              <5> on input line 278.

pdfTeX warning (ext4): destination with the same identifier (name{page.3}) has been already used, duplicate ignored
<to be read again> 
                   \relax 
l.283 
       [3]
<thesis_files/figure-latex/forestrydata-1.pdf, id=385, 459.7175pt x 315.1775pt>
File: thesis_files/figure-latex/forestrydata-1.pdf Graphic file (type pdf)
<use thesis_files/figure-latex/forestrydata-1.pdf>
Package pdftex.def Info: thesis_files/figure-latex/forestrydata-1.pdf  used on input line 289.
(pdftex.def)             Requested size: 346.89731pt x 237.83974pt.

pdfTeX warning (ext4): destination with the same identifier (name{page.4}) has been already used, duplicate ignored
<to be read again> 
                   \relax 
l.298 ...les}\label{immediate-modeling-struggles}}
                                                   [4 <./thesis_files/figure-latex/forestrydata-1.pdf>]
<thesis_files/figure-latex/scatterzi-1.pdf, id=399, 459.7175pt x 315.1775pt>
File: thesis_files/figure-latex/scatterzi-1.pdf Graphic file (type pdf)
<use thesis_files/figure-latex/scatterzi-1.pdf>
Package pdftex.def Info: thesis_files/figure-latex/scatterzi-1.pdf  used on input line 303.
(pdftex.def)             Requested size: 346.89731pt x 237.83974pt.
[5 <./thesis_files/figure-latex/scatterzi-1.pdf>]
<thesis_files/figure-latex/modintuition-1.pdf, id=420, 449.68pt x 240.9pt>
File: thesis_files/figure-latex/modintuition-1.pdf Graphic file (type pdf)
<use thesis_files/figure-latex/modintuition-1.pdf>
Package pdftex.def Info: thesis_files/figure-latex/modintuition-1.pdf  used on input line 335.
(pdftex.def)             Requested size: 411.93767pt x 220.68967pt.

Underfull \vbox (badness 10000) has occurred while \output is active []

[6{/Users/joshuayamamoto/Library/TinyTeX/texmf-dist/fonts/enc/dvips/lm/lm-rm.enc}{/Users/joshuayamamoto/Library/TinyTeX/texmf-dist/fonts/enc/dvips/lm/lm-mathex.enc}{/Users/joshuayamamoto/Library/TinyTeX/texmf-dist/fonts/enc/dvips/lm/lm-mathsy.enc}] [7 <./thesis_files/figure-latex/modintuition-1.pdf>]
LaTeX Font Info:    Trying to load font information for TS1+lmr on input line 362.
(/Users/joshuayamamoto/Library/TinyTeX/texmf-dist/tex/latex/lm/ts1lmr.fd
File: ts1lmr.fd 2015/05/01 v1.6.1 Font defs for Latin Modern
) [8{/Users/joshuayamamoto/Library/TinyTeX/texmf-dist/fonts/enc/dvips/lm/lm-ts1.enc}] [9] [10

]
Chapter 2.
[11{/Users/joshuayamamoto/Library/TinyTeX/texmf-dist/fonts/enc/dvips/lm/lm-mathit.enc}] [12]
Overfull \hbox (29.8175pt too wide) detected at line 417
[][]
 []

<thesis_files/figure-latex/ci-coverage-ex-1.pdf, id=488, 453.695pt x 313.17pt>
File: thesis_files/figure-latex/ci-coverage-ex-1.pdf Graphic file (type pdf)
<use thesis_files/figure-latex/ci-coverage-ex-1.pdf>
Package pdftex.def Info: thesis_files/figure-latex/ci-coverage-ex-1.pdf  used on input line 429.
(pdftex.def)             Requested size: 346.89731pt x 239.45001pt.

Underfull \vbox (badness 10000) has occurred while \output is active []

[13] [14 <./thesis_files/figure-latex/ci-coverage-ex-1.pdf>] [15]
Underfull \vbox (badness 10000) has occurred while \output is active []

[16] [17]
Underfull \vbox (badness 10000) has occurred while \output is active []

[18]
<thesis_files/figure-latex/bayes-dists-1.pdf, id=544, 453.695pt x 313.17pt>
File: thesis_files/figure-latex/bayes-dists-1.pdf Graphic file (type pdf)
<use thesis_files/figure-latex/bayes-dists-1.pdf>
Package pdftex.def Info: thesis_files/figure-latex/bayes-dists-1.pdf  used on input line 541.
(pdftex.def)             Requested size: 346.89731pt x 239.45001pt.
[19 <./thesis_files/figure-latex/bayes-dists-1.pdf>] [20]
Chapter 3.
[21

]
Overfull \hbox (72.22781pt too wide) detected at line 590
[][]
 []


Overfull \hbox (40.89905pt too wide) detected at line 598
[] \OT1/lmr/m/n/12 = [][][] \OMS/lmsy/m/n/12 ^^B [][][]
 []

[22]
LaTeX Font Info:    Font shape `U/lasy/b/n' in size <8> not available
(Font)              Font shape `U/lasy/m/n' tried instead on input line 612.
LaTeX Font Info:    Font shape `U/lasy/b/n' in size <6> not available
(Font)              Font shape `U/lasy/m/n' tried instead on input line 612.

Underfull \vbox (badness 10000) has occurred while \output is active []

[23] [24]
<thesis_files/figure-latex/unnamed-chunk-3-1.pdf, id=599, 435.6275pt x 302.12875pt>
File: thesis_files/figure-latex/unnamed-chunk-3-1.pdf Graphic file (type pdf)
<use thesis_files/figure-latex/unnamed-chunk-3-1.pdf>
Package pdftex.def Info: thesis_files/figure-latex/unnamed-chunk-3-1.pdf  used on input line 691.
(pdftex.def)             Requested size: 346.89731pt x 240.58768pt.

Underfull \vbox (badness 10000) has occurred while \output is active []

[25] [26 <./thesis_files/figure-latex/unnamed-chunk-3-1.pdf>] [27]
Overfull \hbox (28.08395pt too wide) detected at line 760
[][]
 []

<thesis_files/figure-latex/gamma-1.pdf, id=625, 446.66875pt x 313.17pt>
File: thesis_files/figure-latex/gamma-1.pdf Graphic file (type pdf)
<use thesis_files/figure-latex/gamma-1.pdf>
Package pdftex.def Info: thesis_files/figure-latex/gamma-1.pdf  used on input line 778.
(pdftex.def)             Requested size: 346.89731pt x 243.2203pt.
[28]
Underfull \vbox (badness 1163) has occurred while \output is active []

[29 <./thesis_files/figure-latex/gamma-1.pdf>]
Overfull \hbox (24.51797pt too wide) detected at line 820
[][]
 []

[30]
Overfull \hbox (28.83586pt too wide) detected at line 871
[][]
 []

[31]
Overfull \hbox (1.57278pt too wide) detected at line 882
[][]
 []


Underfull \vbox (badness 10000) has occurred while \output is active []

[32]
Underfull \vbox (badness 10000) has occurred while \output is active []

[33] [34]
Overfull \hbox (46.96498pt too wide) detected at line 975
[][]
 []


Underfull \vbox (badness 10000) has occurred while \output is active []

[35]
<thesis_files/figure-latex/unnamed-chunk-4-1.pdf, id=682, 459.7175pt x 304.13625pt>
File: thesis_files/figure-latex/unnamed-chunk-4-1.pdf Graphic file (type pdf)
<use thesis_files/figure-latex/unnamed-chunk-4-1.pdf>
Package pdftex.def Info: thesis_files/figure-latex/unnamed-chunk-4-1.pdf  used on input line 1010.
(pdftex.def)             Requested size: 346.89731pt x 229.50777pt.

Underfull \vbox (badness 3942) has occurred while \output is active []

[36 <./thesis_files/figure-latex/unnamed-chunk-4-1.pdf>] [37] [38]
Chapter 4.
[39

]
<thesis_files/figure-latex/unnamed-chunk-6-1.pdf, id=719, 459.7175pt x 313.17pt>
File: thesis_files/figure-latex/unnamed-chunk-6-1.pdf Graphic file (type pdf)
<use thesis_files/figure-latex/unnamed-chunk-6-1.pdf>
Package pdftex.def Info: thesis_files/figure-latex/unnamed-chunk-6-1.pdf  used on input line 1119.
(pdftex.def)             Requested size: 346.89731pt x 236.32481pt.

Underfull \vbox (badness 10000) has occurred while \output is active []

[40]
<thesis_files/figure-latex/unnamed-chunk-7-1.pdf, id=726, 459.7175pt x 313.17pt>
File: thesis_files/figure-latex/unnamed-chunk-7-1.pdf Graphic file (type pdf)
<use thesis_files/figure-latex/unnamed-chunk-7-1.pdf>
Package pdftex.def Info: thesis_files/figure-latex/unnamed-chunk-7-1.pdf  used on input line 1128.
(pdftex.def)             Requested size: 346.89731pt x 236.32481pt.
[41 <./thesis_files/figure-latex/unnamed-chunk-6-1.pdf> <./thesis_files/figure-latex/unnamed-chunk-7-1.pdf>] [42]
<thesis_files/figure-latex/unnamed-chunk-9-1.pdf, id=759, 451.6875pt x 302.12875pt>
File: thesis_files/figure-latex/unnamed-chunk-9-1.pdf Graphic file (type pdf)
<use thesis_files/figure-latex/unnamed-chunk-9-1.pdf>
Package pdftex.def Info: thesis_files/figure-latex/unnamed-chunk-9-1.pdf  used on input line 1164.
(pdftex.def)             Requested size: 346.89731pt x 232.04976pt.
<thesis_files/figure-latex/unnamed-chunk-10-1.pdf, id=760, 457.71pt x 313.17pt>
File: thesis_files/figure-latex/unnamed-chunk-10-1.pdf Graphic file (type pdf)
<use thesis_files/figure-latex/unnamed-chunk-10-1.pdf>
Package pdftex.def Info: thesis_files/figure-latex/unnamed-chunk-10-1.pdf  used on input line 1172.
(pdftex.def)             Requested size: 346.89731pt x 237.36177pt.
[43 <./thesis_files/figure-latex/unnamed-chunk-9-1.pdf>]
<thesis_files/figure-latex/unnamed-chunk-11-1.pdf, id=778, 459.7175pt x 313.17pt>
File: thesis_files/figure-latex/unnamed-chunk-11-1.pdf Graphic file (type pdf)
<use thesis_files/figure-latex/unnamed-chunk-11-1.pdf>
Package pdftex.def Info: thesis_files/figure-latex/unnamed-chunk-11-1.pdf  used on input line 1177.
(pdftex.def)             Requested size: 346.89731pt x 236.32481pt.
[44 <./thesis_files/figure-latex/unnamed-chunk-10-1.pdf> <./thesis_files/figure-latex/unnamed-chunk-11-1.pdf>]
<thesis_files/figure-latex/unnamed-chunk-12-1.pdf, id=803, 457.71pt x 313.17pt>
File: thesis_files/figure-latex/unnamed-chunk-12-1.pdf Graphic file (type pdf)
<use thesis_files/figure-latex/unnamed-chunk-12-1.pdf>
Package pdftex.def Info: thesis_files/figure-latex/unnamed-chunk-12-1.pdf  used on input line 1198.
(pdftex.def)             Requested size: 346.89731pt x 237.36177pt.
[45 <./thesis_files/figure-latex/unnamed-chunk-12-1.pdf>]
LaTeX Font Info:    Trying to load font information for T1+lmtt on input line 1211.
(/Users/joshuayamamoto/Library/TinyTeX/texmf-dist/tex/latex/lm/t1lmtt.fd
File: t1lmtt.fd 2015/05/01 v1.6.1 Font defs for Latin Modern
)
Underfull \hbox (badness 10000) in paragraph at lines 1222--1223
[]\T1/lmr/m/n/12 Bayesian Gen-er-al-ized Lin-ear Ran-dom Ef-fects Model (Bi-no-mial)
 []


Underfull \hbox (badness 10000) in paragraph at lines 1229--1231
[]\T1/lmr/m/n/12 Bayesian Gen-er-al-ized Lin-ear Ran-dom Ef-fects Model (Gamma)
 []


Underfull \hbox (badness 10000) in paragraph at lines 1231--1232
[]\T1/lmr/m/n/12 Bayesian Gen-er-al-ized Lin-ear Ran-dom Ef-fects Model (Bi-no-mial)
 []

[46] [47] [48

]
Chapter 5.
[49]
<thesis_files/figure-latex/failures-1.pdf, id=843, 453.695pt x 313.17pt>
File: thesis_files/figure-latex/failures-1.pdf Graphic file (type pdf)
<use thesis_files/figure-latex/failures-1.pdf>
Package pdftex.def Info: thesis_files/figure-latex/failures-1.pdf  used on input line 1307.
(pdftex.def)             Requested size: 368.57964pt x 254.42131pt.
<figure/tb1.png, id=845, 1043.9pt x 664.4825pt>
File: figure/tb1.png Graphic file (type png)
<use figure/tb1.png>
Package pdftex.def Info: figure/tb1.png  used on input line 1318.
(pdftex.def)             Requested size: 411.93767pt x 262.2193pt.
[50 <./thesis_files/figure-latex/failures-1.pdf>]
<thesis_files/figure-latex/keep-1.pdf, id=858, 445.665pt x 313.17pt>
File: thesis_files/figure-latex/keep-1.pdf Graphic file (type pdf)
<use thesis_files/figure-latex/keep-1.pdf>
Package pdftex.def Info: thesis_files/figure-latex/keep-1.pdf  used on input line 1327.
(pdftex.def)             Requested size: 368.57964pt x 259.00397pt.

Underfull \vbox (badness 10000) has occurred while \output is active []

[51 <./figure/tb1.png>]
<thesis_files/figure-latex/regularization-1.pdf, id=864, 459.7175pt x 305.14pt>
File: thesis_files/figure-latex/regularization-1.pdf Graphic file (type pdf)
<use thesis_files/figure-latex/regularization-1.pdf>
Package pdftex.def Info: thesis_files/figure-latex/regularization-1.pdf  used on input line 1341.
(pdftex.def)             Requested size: 368.57964pt x 244.66173pt.

Underfull \vbox (badness 10000) has occurred while \output is active []

[52 <./thesis_files/figure-latex/keep-1.pdf>]
<thesis_files/figure-latex/rmse-1.pdf, id=880, 459.7175pt x 305.14pt>
File: thesis_files/figure-latex/rmse-1.pdf Graphic file (type pdf)
<use thesis_files/figure-latex/rmse-1.pdf>
Package pdftex.def Info: thesis_files/figure-latex/rmse-1.pdf  used on input line 1355.
(pdftex.def)             Requested size: 368.57964pt x 244.66173pt.
[53 <./thesis_files/figure-latex/regularization-1.pdf>]
<thesis_files/figure-latex/variance-1.pdf, id=894, 459.7175pt x 305.14pt>
File: thesis_files/figure-latex/variance-1.pdf Graphic file (type pdf)
<use thesis_files/figure-latex/variance-1.pdf>
Package pdftex.def Info: thesis_files/figure-latex/variance-1.pdf  used on input line 1369.
(pdftex.def)             Requested size: 368.57964pt x 244.66173pt.
[54 <./thesis_files/figure-latex/rmse-1.pdf>]
<thesis_files/figure-latex/bias-1.pdf, id=907, 459.7175pt x 305.14pt>
File: thesis_files/figure-latex/bias-1.pdf Graphic file (type pdf)
<use thesis_files/figure-latex/bias-1.pdf>
Package pdftex.def Info: thesis_files/figure-latex/bias-1.pdf  used on input line 1383.
(pdftex.def)             Requested size: 368.57964pt x 244.66173pt.

Underfull \vbox (badness 10000) has occurred while \output is active []

[55 <./thesis_files/figure-latex/variance-1.pdf>]
<thesis_files/figure-latex/unnamed-chunk-16-1.pdf, id=921, 457.71pt x 305.14pt>
File: thesis_files/figure-latex/unnamed-chunk-16-1.pdf Graphic file (type pdf)
<use thesis_files/figure-latex/unnamed-chunk-16-1.pdf>
Package pdftex.def Info: thesis_files/figure-latex/unnamed-chunk-16-1.pdf  used on input line 1395.
(pdftex.def)             Requested size: 368.57964pt x 245.72797pt.

Underfull \vbox (badness 6063) has occurred while \output is active []

[56 <./thesis_files/figure-latex/bias-1.pdf>] [57 <./thesis_files/figure-latex/unnamed-chunk-16-1.pdf>] [58]
Appendix A.
LaTeX Font Info:    Font shape `T1/lmtt/bx/n' in size <12> not available
(Font)              Font shape `T1/lmtt/b/n' tried instead on input line 1419.
LaTeX Font Info:    Trying to load font information for TS1+lmtt on input line 1420.
(/Users/joshuayamamoto/Library/TinyTeX/texmf-dist/tex/latex/lm/ts1lmtt.fd
File: ts1lmtt.fd 2015/05/01 v1.6.1 Font defs for Latin Modern
) [59

]

LaTeX Warning: Reference `ref-labels' on page 60 undefined on input line 1447.

[60]
Appendix B.
[61

] [62

] [63

] (./thesis.aux)

LaTeX Warning: There were undefined references.

Package rerunfilecheck Info: File `thesis.out' has not changed.
(rerunfilecheck)             Checksum: 1EDA9A0FDC1668C15DF19BC7AE16AC26;8021.
 ) 
Here is how much of TeX's memory you used:
 13139 strings out of 477977
 222149 string characters out of 5838230
 1866666 words of memory out of 5000000
 32815 multiletter control sequences out of 15000+600000
 602915 words of font info for 103 fonts, out of 8000000 for 9000
 14 hyphenation exceptions out of 8191
 75i,14n,76p,1588b,557s stack positions out of 10000i,1000n,20000p,200000b,200000s
</Users/joshuayamamoto/Library/TinyTeX/texmf-dist/fonts/type1/public/lm/lmbx12.pfb></Users/joshuayamamoto/Library/TinyTeX/texmf-dist/fonts/type1/public/lm/lmbx6.pfb></Users/joshuayamamoto/Library/TinyTeX/texmf-dist/fonts/type1/public/lm/lmbx8.pfb></Users/joshuayamamoto/Library/TinyTeX/texmf-dist/fonts/type1/public/lm/lmex10.pfb></Users/joshuayamamoto/Library/TinyTeX/texmf-dist/fonts/type1/public/lm/lmmi12.pfb></Users/joshuayamamoto/Library/TinyTeX/texmf-dist/fonts/type1/public/lm/lmmi6.pfb></Users/joshuayamamoto/Library/TinyTeX/texmf-dist/fonts/type1/public/lm/lmmi8.pfb></Users/joshuayamamoto/Library/TinyTeX/texmf-dist/fonts/type1/public/lm/lmmib10.pfb></Users/joshuayamamoto/Library/TinyTeX/texmf-dist/fonts/type1/public/lm/lmmib7.pfb></Users/joshuayamamoto/Library/TinyTeX/texmf-dist/fonts/type1/public/lm/lmr10.pfb></Users/joshuayamamoto/Library/TinyTeX/texmf-dist/fonts/type1/public/lm/lmr12.pfb></Users/joshuayamamoto/Library/TinyTeX/texmf-dist/fonts/type1/public/lm/lmr6.pfb></Users/joshuayamamoto/Library/TinyTeX/texmf-dist/fonts/type1/public/lm/lmr7.pfb></Users/joshuayamamoto/Library/TinyTeX/texmf-dist/fonts/type1/public/lm/lmr8.pfb></Users/joshuayamamoto/Library/TinyTeX/texmf-dist/fonts/type1/public/lm/lmri12.pfb></Users/joshuayamamoto/Library/TinyTeX/texmf-dist/fonts/type1/public/lm/lmro12.pfb></Users/joshuayamamoto/Library/TinyTeX/texmf-dist/fonts/type1/public/lm/lmsy10.pfb></Users/joshuayamamoto/Library/TinyTeX/texmf-dist/fonts/type1/public/lm/lmsy6.pfb></Users/joshuayamamoto/Library/TinyTeX/texmf-dist/fonts/type1/public/lm/lmsy8.pfb></Users/joshuayamamoto/Library/TinyTeX/texmf-dist/fonts/type1/public/lm/lmtk10.pfb></Users/joshuayamamoto/Library/TinyTeX/texmf-dist/fonts/type1/public/lm/lmtt12.pfb></Users/joshuayamamoto/Library/TinyTeX/texmf-dist/fonts/type1/public/lm/lmtti10.pfb></Users/joshuayamamoto/Library/TinyTeX/texmf-dist/fonts/type1/public/amsfonts/symbols/msbm10.pfb>
Output written on thesis.pdf (77 pages, 867991 bytes).
PDF statistics:
 1153 PDF objects out of 1200 (max. 8388607)
 945 compressed objects within 10 object streams
 234 named destinations out of 1000 (max. 500000)
 508 words of extra memory for PDF output out of 10000 (max. 10000000)

